#
# There is insufficient memory for the Java Runtime Environment to continue.
# Native memory allocation (malloc) failed to allocate 65552 bytes for Chunk::new
# Possible reasons:
#   The system is out of physical RAM or swap space
#   The process is running with CompressedOops enabled, and the Java Heap may be blocking the growth of the native heap
# Possible solutions:
#   Reduce memory load on the system
#   Increase physical memory or swap space
#   Check if swap backing store is full
#   Decrease Java heap size (-Xmx/-Xms)
#   Decrease number of Java threads
#   Decrease Java thread stack sizes (-Xss)
#   Set larger code cache with -XX:ReservedCodeCacheSize=
#   JVM is running with Unscaled Compressed Oops mode in which the Java heap is
#     placed in the first 4GB address space. The Java Heap base address is the
#     maximum limit for the native heap growth. Please use -XX:HeapBaseMinAddress
#     to set the Java Heap base and to place the Java Heap above 4GB virtual address.
# This output file may be truncated or incomplete.
#
#  Out of Memory Error (arena.cpp:168), pid=4188, tid=1332
#
# JRE version: Java(TM) SE Runtime Environment (21.0.2+13) (build 21.0.2+13-LTS-58)
# Java VM: Java HotSpot(TM) 64-Bit Server VM (21.0.2+13-LTS-58, mixed mode, sharing, tiered, compressed oops, compressed class ptrs, g1 gc, windows-amd64)
# No core dump will be written. Minidumps are not enabled by default on client versions of Windows
#

---------------  S U M M A R Y ------------

Command Line: -javaagent:C:\Program Files\JetBrains\IntelliJ IDEA Community Edition 2022.3\lib\idea_rt.jar=63954:C:\Program Files\JetBrains\IntelliJ IDEA Community Edition 2022.3\bin -Dfile.encoding=UTF-8 -Dsun.stdout.encoding=UTF-8 -Dsun.stderr.encoding=UTF-8 Springboot_InventoryManagementSystemAPI.SpringbootInventoryManagementSystemApiApplication

Host: Intel(R) Core(TM) i3-7020U CPU @ 2.30GHz, 4 cores, 3G,  Windows 10 , 64 bit Build 19041 (10.0.19041.5198)
Time: Tue Jan 14 15:00:13 2025 India Standard Time elapsed time: 150.770536 seconds (0d 0h 2m 30s)

---------------  T H R E A D  ---------------

Current thread (0x000001fc194dde30):  JavaThread "C2 CompilerThread0" daemon [_thread_in_native, id=1332, stack(0x000000d5fe200000,0x000000d5fe300000) (1024K)]


Current CompileTask:
C2: 150771 7558       4       org.springframework.core.SerializableTypeWrapper$MethodParameterTypeProvider::getType (8 bytes)

Stack: [0x000000d5fe200000,0x000000d5fe300000]
Native frames: (J=compiled Java code, j=interpreted, Vv=VM code, C=native code)
V  [jvm.dll+0x6cade9]
V  [jvm.dll+0x8569c1]
V  [jvm.dll+0x858d2e]
V  [jvm.dll+0x859413]
V  [jvm.dll+0x280e56]
V  [jvm.dll+0xc3f3d]
V  [jvm.dll+0xc4473]
V  [jvm.dll+0xc4065]
V  [jvm.dll+0x6a7a5c]
V  [jvm.dll+0x659ec3]
V  [jvm.dll+0x249a55]
V  [jvm.dll+0x2491b1]
V  [jvm.dll+0x1c9634]
V  [jvm.dll+0x258859]
V  [jvm.dll+0x256e3a]
V  [jvm.dll+0x3ef6c6]
V  [jvm.dll+0x7ff568]
V  [jvm.dll+0x6c953d]
C  [ucrtbase.dll+0x21bb2]
C  [KERNEL32.DLL+0x17374]
C  [ntdll.dll+0x4cc91]


---------------  P R O C E S S  ---------------

Threads class SMR info:
_java_thread_list=0x000001fc5f6aeb00, length=28, elements={
0x000001fc194d5830, 0x000001fc194d7600, 0x000001fc194db180, 0x000001fc194dbbe0,
0x000001fc194dc640, 0x000001fc194dd0a0, 0x000001fc194dde30, 0x000001fc194e3090,
0x000001fc1959e570, 0x000001fc5f081170, 0x000001fc5f0817e0, 0x000001fc194bc4e0,
0x000001fc5f308600, 0x000001fc1988b810, 0x000001fc62265100, 0x000001fc62265e20,
0x000001fc622664b0, 0x000001fc62263030, 0x000001fc62264a70, 0x000001fc622636c0,
0x000001fc62263d50, 0x000001fc62365390, 0x000001fc62362c30, 0x000001fc62363fe0,
0x000001fc62366dd0, 0x000001fc62363950, 0x000001fc62364670, 0x000001fc62368ea0
}

Java Threads: ( => current thread )
  0x000001fc194d5830 JavaThread "Reference Handler"          daemon [_thread_blocked, id=19740, stack(0x000000d5fdc00000,0x000000d5fdd00000) (1024K)]
  0x000001fc194d7600 JavaThread "Finalizer"                  daemon [_thread_blocked, id=14488, stack(0x000000d5fdd00000,0x000000d5fde00000) (1024K)]
  0x000001fc194db180 JavaThread "Signal Dispatcher"          daemon [_thread_blocked, id=7696, stack(0x000000d5fde00000,0x000000d5fdf00000) (1024K)]
  0x000001fc194dbbe0 JavaThread "Attach Listener"            daemon [_thread_blocked, id=9792, stack(0x000000d5fdf00000,0x000000d5fe000000) (1024K)]
  0x000001fc194dc640 JavaThread "Service Thread"             daemon [_thread_blocked, id=12264, stack(0x000000d5fe000000,0x000000d5fe100000) (1024K)]
  0x000001fc194dd0a0 JavaThread "Monitor Deflation Thread"   daemon [_thread_blocked, id=5936, stack(0x000000d5fe100000,0x000000d5fe200000) (1024K)]
=>0x000001fc194dde30 JavaThread "C2 CompilerThread0"         daemon [_thread_in_native, id=1332, stack(0x000000d5fe200000,0x000000d5fe300000) (1024K)]
  0x000001fc194e3090 JavaThread "C1 CompilerThread0"         daemon [_thread_blocked, id=4440, stack(0x000000d5fe300000,0x000000d5fe400000) (1024K)]
  0x000001fc1959e570 JavaThread "Common-Cleaner"             daemon [_thread_blocked, id=9136, stack(0x000000d5fe400000,0x000000d5fe500000) (1024K)]
  0x000001fc5f081170 JavaThread "Monitor Ctrl-Break"         daemon [_thread_in_native, id=7032, stack(0x000000d5fe500000,0x000000d5fe600000) (1024K)]
  0x000001fc5f0817e0 JavaThread "Notification Thread"        daemon [_thread_blocked, id=8544, stack(0x000000d5fe600000,0x000000d5fe700000) (1024K)]
  0x000001fc194bc4e0 JavaThread "Catalina-utility-1"                [_thread_blocked, id=18460, stack(0x000000d5fea00000,0x000000d5feb00000) (1024K)]
  0x000001fc5f308600 JavaThread "Catalina-utility-2"                [_thread_blocked, id=19920, stack(0x000000d5feb00000,0x000000d5fec00000) (1024K)]
  0x000001fc1988b810 JavaThread "container-0"                       [_thread_blocked, id=3296, stack(0x000000d5fec00000,0x000000d5fed00000) (1024K)]
  0x000001fc62265100 JavaThread "HikariPool-1 housekeeper"   daemon [_thread_blocked, id=13728, stack(0x000000d5fee00000,0x000000d5fef00000) (1024K)]
  0x000001fc62265e20 JavaThread "http-nio-8080-exec-1"       daemon [_thread_blocked, id=9048, stack(0x000000d5fef00000,0x000000d5ff000000) (1024K)]
  0x000001fc622664b0 JavaThread "http-nio-8080-exec-2"       daemon [_thread_blocked, id=8432, stack(0x000000d5ff000000,0x000000d5ff100000) (1024K)]
  0x000001fc62263030 JavaThread "http-nio-8080-exec-3"       daemon [_thread_blocked, id=14524, stack(0x000000d5ff100000,0x000000d5ff200000) (1024K)]
  0x000001fc62264a70 JavaThread "http-nio-8080-exec-4"       daemon [_thread_blocked, id=13292, stack(0x000000d5ff200000,0x000000d5ff300000) (1024K)]
  0x000001fc622636c0 JavaThread "http-nio-8080-exec-5"       daemon [_thread_blocked, id=2396, stack(0x000000d5ff300000,0x000000d5ff400000) (1024K)]
  0x000001fc62263d50 JavaThread "http-nio-8080-exec-6"       daemon [_thread_blocked, id=15636, stack(0x000000d5ff400000,0x000000d5ff500000) (1024K)]
  0x000001fc62365390 JavaThread "http-nio-8080-exec-7"       daemon [_thread_blocked, id=18148, stack(0x000000d5ff500000,0x000000d5ff600000) (1024K)]
  0x000001fc62362c30 JavaThread "http-nio-8080-exec-8"       daemon [_thread_blocked, id=14972, stack(0x000000d5ff600000,0x000000d5ff700000) (1024K)]
  0x000001fc62363fe0 JavaThread "http-nio-8080-exec-9"       daemon [_thread_blocked, id=1264, stack(0x000000d5ff700000,0x000000d5ff800000) (1024K)]
  0x000001fc62366dd0 JavaThread "http-nio-8080-exec-10"      daemon [_thread_blocked, id=16072, stack(0x000000d5ff800000,0x000000d5ff900000) (1024K)]
  0x000001fc62363950 JavaThread "http-nio-8080-Poller"       daemon [_thread_in_native, id=13096, stack(0x000000d5ff900000,0x000000d5ffa00000) (1024K)]
  0x000001fc62364670 JavaThread "http-nio-8080-Acceptor"     daemon [_thread_in_native, id=1772, stack(0x000000d5ffa00000,0x000000d5ffb00000) (1024K)]
  0x000001fc62368ea0 JavaThread "DestroyJavaVM"                     [_thread_blocked, id=18448, stack(0x000000d5fd400000,0x000000d5fd500000) (1024K)]
Total: 28

Other Threads:
  0x000001fc7c5458e0 VMThread "VM Thread"                           [id=18008, stack(0x000000d5fdb00000,0x000000d5fdc00000) (1024K)]
  0x000001fc7c52eca0 WatcherThread "VM Periodic Task Thread"        [id=2308, stack(0x000000d5fda00000,0x000000d5fdb00000) (1024K)]
  0x000001fc7c4c6610 WorkerThread "GC Thread#0"                     [id=4424, stack(0x000000d5fd500000,0x000000d5fd600000) (1024K)]
  0x000001fc5f3260b0 WorkerThread "GC Thread#1"                     [id=15464, stack(0x000000d5fe700000,0x000000d5fe800000) (1024K)]
  0x000001fc5f3b0a10 WorkerThread "GC Thread#2"                     [id=8760, stack(0x000000d5fe800000,0x000000d5fe900000) (1024K)]
  0x000001fc5f3c9f50 WorkerThread "GC Thread#3"                     [id=5388, stack(0x000000d5fe900000,0x000000d5fea00000) (1024K)]
  0x000001fc7c4d0190 ConcurrentGCThread "G1 Main Marker"            [id=20244, stack(0x000000d5fd600000,0x000000d5fd700000) (1024K)]
  0x000001fc7c4d0d50 WorkerThread "G1 Conc#0"                       [id=4972, stack(0x000000d5fd700000,0x000000d5fd800000) (1024K)]
  0x000001fc7c51cce0 ConcurrentGCThread "G1 Refine#0"               [id=5244, stack(0x000000d5fd800000,0x000000d5fd900000) (1024K)]
  0x000001fc7c51d760 ConcurrentGCThread "G1 Service"                [id=3128, stack(0x000000d5fd900000,0x000000d5fda00000) (1024K)]
Total: 10

Threads with active compile tasks:
C2 CompilerThread0   150854 7558       4       org.springframework.core.SerializableTypeWrapper$MethodParameterTypeProvider::getType (8 bytes)
Total: 1

VM state: not at safepoint (normal execution)

VM Mutex/Monitor currently owned by a thread: None

Heap address: 0x00000000c1c00000, size: 996 MB, Compressed Oops mode: 32-bit

CDS archive(s) mapped at: [0x000001fc1a000000-0x000001fc1ac90000-0x000001fc1ac90000), size 13172736, SharedBaseAddress: 0x000001fc1a000000, ArchiveRelocationMode: 1.
Compressed class space mapped at: 0x000001fc1b000000-0x000001fc5b000000, reserved size: 1073741824
Narrow klass base: 0x000001fc1a000000, Narrow klass shift: 0, Narrow klass range: 0x100000000

GC Precious Log:
 CardTable entry size: 512
 Card Set container configuration: InlinePtr #cards 5 size 8 Array Of Cards #cards 12 size 40 Howl #buckets 4 coarsen threshold 1843 Howl Bitmap #cards 512 size 80 coarsen threshold 460 Card regions per heap region 1 cards per card region 2048
 CPUs: 4 total, 4 available
 Memory: 3978M
 Large Page Support: Disabled
 NUMA Support: Disabled
 Compressed Oops: Enabled (32-bit)
 Heap Region Size: 1M
 Heap Min Capacity: 8M
 Heap Initial Capacity: 64M
 Heap Max Capacity: 996M
 Pre-touch: Disabled
 Parallel Workers: 4
 Concurrent Workers: 1
 Concurrent Refinement Workers: 4
 Periodic GC: Disabled

Heap:
 garbage-first heap   total 65536K, used 55796K [0x00000000c1c00000, 0x0000000100000000)
  region size 1024K, 21 young (21504K), 3 survivors (3072K)
 Metaspace       used 75453K, committed 76288K, reserved 1179648K
  class space    used 10194K, committed 10560K, reserved 1048576K

Heap Regions: E=young(eden), S=young(survivor), O=old, HS=humongous(starts), HC=humongous(continues), CS=collection set, F=free, TAMS=top-at-mark-start, PB=parsable bottom
|   0|0x00000000c1c00000, 0x00000000c1d00000, 0x00000000c1d00000|100%|HS|  |TAMS 0x00000000c1c00000| PB 0x00000000c1c00000| Complete 
|   1|0x00000000c1d00000, 0x00000000c1e00000, 0x00000000c1e00000|100%|HS|  |TAMS 0x00000000c1d00000| PB 0x00000000c1d00000| Complete 
|   2|0x00000000c1e00000, 0x00000000c1f00000, 0x00000000c1f00000|100%| O|  |TAMS 0x00000000c1e00000| PB 0x00000000c1e00000| Untracked 
|   3|0x00000000c1f00000, 0x00000000c2000000, 0x00000000c2000000|100%| O|  |TAMS 0x00000000c1f00000| PB 0x00000000c1f00000| Untracked 
|   4|0x00000000c2000000, 0x00000000c2100000, 0x00000000c2100000|100%| O|  |TAMS 0x00000000c2000000| PB 0x00000000c2000000| Untracked 
|   5|0x00000000c2100000, 0x00000000c2200000, 0x00000000c2200000|100%| O|  |TAMS 0x00000000c2100000| PB 0x00000000c2100000| Untracked 
|   6|0x00000000c2200000, 0x00000000c2300000, 0x00000000c2300000|100%| O|  |TAMS 0x00000000c2200000| PB 0x00000000c2200000| Untracked 
|   7|0x00000000c2300000, 0x00000000c2400000, 0x00000000c2400000|100%| O|  |TAMS 0x00000000c2300000| PB 0x00000000c2300000| Untracked 
|   8|0x00000000c2400000, 0x00000000c2500000, 0x00000000c2500000|100%| O|  |TAMS 0x00000000c2400000| PB 0x00000000c2400000| Untracked 
|   9|0x00000000c2500000, 0x00000000c2600000, 0x00000000c2600000|100%| O|  |TAMS 0x00000000c2500000| PB 0x00000000c2500000| Untracked 
|  10|0x00000000c2600000, 0x00000000c2700000, 0x00000000c2700000|100%| O|  |TAMS 0x00000000c2600000| PB 0x00000000c2600000| Untracked 
|  11|0x00000000c2700000, 0x00000000c2800000, 0x00000000c2800000|100%| O|  |TAMS 0x00000000c2700000| PB 0x00000000c2700000| Untracked 
|  12|0x00000000c2800000, 0x00000000c2900000, 0x00000000c2900000|100%| O|  |TAMS 0x00000000c2800000| PB 0x00000000c2800000| Untracked 
|  13|0x00000000c2900000, 0x00000000c2a00000, 0x00000000c2a00000|100%| O|  |TAMS 0x00000000c2900000| PB 0x00000000c2900000| Untracked 
|  14|0x00000000c2a00000, 0x00000000c2b00000, 0x00000000c2b00000|100%| O|  |TAMS 0x00000000c2a00000| PB 0x00000000c2a00000| Untracked 
|  15|0x00000000c2b00000, 0x00000000c2c00000, 0x00000000c2c00000|100%| O|  |TAMS 0x00000000c2b00000| PB 0x00000000c2b00000| Untracked 
|  16|0x00000000c2c00000, 0x00000000c2d00000, 0x00000000c2d00000|100%| O|  |TAMS 0x00000000c2c00000| PB 0x00000000c2c00000| Untracked 
|  17|0x00000000c2d00000, 0x00000000c2e00000, 0x00000000c2e00000|100%| O|  |TAMS 0x00000000c2d00000| PB 0x00000000c2d00000| Untracked 
|  18|0x00000000c2e00000, 0x00000000c2f00000, 0x00000000c2f00000|100%| O|  |TAMS 0x00000000c2e00000| PB 0x00000000c2e00000| Untracked 
|  19|0x00000000c2f00000, 0x00000000c3000000, 0x00000000c3000000|100%| O|  |TAMS 0x00000000c2f00000| PB 0x00000000c2f00000| Untracked 
|  20|0x00000000c3000000, 0x00000000c3100000, 0x00000000c3100000|100%| O|  |TAMS 0x00000000c3000000| PB 0x00000000c3000000| Untracked 
|  21|0x00000000c3100000, 0x00000000c3200000, 0x00000000c3200000|100%| O|  |TAMS 0x00000000c3100000| PB 0x00000000c3100000| Untracked 
|  22|0x00000000c3200000, 0x00000000c3300000, 0x00000000c3300000|100%| O|  |TAMS 0x00000000c3200000| PB 0x00000000c3200000| Untracked 
|  23|0x00000000c3300000, 0x00000000c3400000, 0x00000000c3400000|100%| O|  |TAMS 0x00000000c3300000| PB 0x00000000c3300000| Untracked 
|  24|0x00000000c3400000, 0x00000000c3500000, 0x00000000c3500000|100%| O|  |TAMS 0x00000000c3400000| PB 0x00000000c3400000| Untracked 
|  25|0x00000000c3500000, 0x00000000c3600000, 0x00000000c3600000|100%| O|  |TAMS 0x00000000c3500000| PB 0x00000000c3500000| Untracked 
|  26|0x00000000c3600000, 0x00000000c3700000, 0x00000000c3700000|100%| O|  |TAMS 0x00000000c3600000| PB 0x00000000c3600000| Untracked 
|  27|0x00000000c3700000, 0x00000000c3800000, 0x00000000c3800000|100%| O|  |TAMS 0x00000000c3700000| PB 0x00000000c3700000| Untracked 
|  28|0x00000000c3800000, 0x00000000c3900000, 0x00000000c3900000|100%| O|  |TAMS 0x00000000c3800000| PB 0x00000000c3800000| Untracked 
|  29|0x00000000c3900000, 0x00000000c3a00000, 0x00000000c3a00000|100%| O|  |TAMS 0x00000000c3900000| PB 0x00000000c3900000| Untracked 
|  30|0x00000000c3a00000, 0x00000000c3b00000, 0x00000000c3b00000|100%| O|  |TAMS 0x00000000c3a00000| PB 0x00000000c3a00000| Untracked 
|  31|0x00000000c3b00000, 0x00000000c3c00000, 0x00000000c3c00000|100%| O|  |TAMS 0x00000000c3b00000| PB 0x00000000c3b00000| Untracked 
|  32|0x00000000c3c00000, 0x00000000c3d00000, 0x00000000c3d00000|100%| O|  |TAMS 0x00000000c3c00000| PB 0x00000000c3c00000| Untracked 
|  33|0x00000000c3d00000, 0x00000000c3d00000, 0x00000000c3e00000|  0%| F|  |TAMS 0x00000000c3d00000| PB 0x00000000c3d00000| Untracked 
|  34|0x00000000c3e00000, 0x00000000c3f00000, 0x00000000c3f00000|100%| O|  |TAMS 0x00000000c3e00000| PB 0x00000000c3e00000| Untracked 
|  35|0x00000000c3f00000, 0x00000000c4000000, 0x00000000c4000000|100%| O|  |TAMS 0x00000000c3f00000| PB 0x00000000c3f00000| Untracked 
|  36|0x00000000c4000000, 0x00000000c40b0160, 0x00000000c4100000| 68%| O|  |TAMS 0x00000000c4000000| PB 0x00000000c4000000| Untracked 
|  37|0x00000000c4100000, 0x00000000c4100000, 0x00000000c4200000|  0%| F|  |TAMS 0x00000000c4100000| PB 0x00000000c4100000| Untracked 
|  38|0x00000000c4200000, 0x00000000c4200000, 0x00000000c4300000|  0%| F|  |TAMS 0x00000000c4200000| PB 0x00000000c4200000| Untracked 
|  39|0x00000000c4300000, 0x00000000c43ccec0, 0x00000000c4400000| 80%| S|CS|TAMS 0x00000000c4300000| PB 0x00000000c4300000| Complete 
|  40|0x00000000c4400000, 0x00000000c4500000, 0x00000000c4500000|100%| S|CS|TAMS 0x00000000c4400000| PB 0x00000000c4400000| Complete 
|  41|0x00000000c4500000, 0x00000000c4600000, 0x00000000c4600000|100%| S|CS|TAMS 0x00000000c4500000| PB 0x00000000c4500000| Complete 
|  42|0x00000000c4600000, 0x00000000c4600000, 0x00000000c4700000|  0%| F|  |TAMS 0x00000000c4600000| PB 0x00000000c4600000| Untracked 
|  43|0x00000000c4700000, 0x00000000c4700000, 0x00000000c4800000|  0%| F|  |TAMS 0x00000000c4700000| PB 0x00000000c4700000| Untracked 
|  44|0x00000000c4800000, 0x00000000c4800000, 0x00000000c4900000|  0%| F|  |TAMS 0x00000000c4800000| PB 0x00000000c4800000| Untracked 
|  45|0x00000000c4900000, 0x00000000c4900000, 0x00000000c4a00000|  0%| F|  |TAMS 0x00000000c4900000| PB 0x00000000c4900000| Untracked 
|  46|0x00000000c4a00000, 0x00000000c4ac32e0, 0x00000000c4b00000| 76%| E|  |TAMS 0x00000000c4a00000| PB 0x00000000c4a00000| Complete 
|  47|0x00000000c4b00000, 0x00000000c4c00000, 0x00000000c4c00000|100%| E|CS|TAMS 0x00000000c4b00000| PB 0x00000000c4b00000| Complete 
|  48|0x00000000c4c00000, 0x00000000c4d00000, 0x00000000c4d00000|100%| E|CS|TAMS 0x00000000c4c00000| PB 0x00000000c4c00000| Complete 
|  49|0x00000000c4d00000, 0x00000000c4e00000, 0x00000000c4e00000|100%| E|CS|TAMS 0x00000000c4d00000| PB 0x00000000c4d00000| Complete 
|  50|0x00000000c4e00000, 0x00000000c4f00000, 0x00000000c4f00000|100%| E|CS|TAMS 0x00000000c4e00000| PB 0x00000000c4e00000| Complete 
|  51|0x00000000c4f00000, 0x00000000c5000000, 0x00000000c5000000|100%| E|CS|TAMS 0x00000000c4f00000| PB 0x00000000c4f00000| Complete 
|  52|0x00000000c5000000, 0x00000000c5100000, 0x00000000c5100000|100%| E|CS|TAMS 0x00000000c5000000| PB 0x00000000c5000000| Complete 
|  53|0x00000000c5100000, 0x00000000c5200000, 0x00000000c5200000|100%| E|CS|TAMS 0x00000000c5100000| PB 0x00000000c5100000| Complete 
|  54|0x00000000c5200000, 0x00000000c5300000, 0x00000000c5300000|100%| E|CS|TAMS 0x00000000c5200000| PB 0x00000000c5200000| Complete 
|  55|0x00000000c5300000, 0x00000000c5400000, 0x00000000c5400000|100%| E|CS|TAMS 0x00000000c5300000| PB 0x00000000c5300000| Complete 
|  56|0x00000000c5400000, 0x00000000c5500000, 0x00000000c5500000|100%| E|CS|TAMS 0x00000000c5400000| PB 0x00000000c5400000| Complete 
|  57|0x00000000c5500000, 0x00000000c5600000, 0x00000000c5600000|100%| E|CS|TAMS 0x00000000c5500000| PB 0x00000000c5500000| Complete 
|  58|0x00000000c5600000, 0x00000000c5700000, 0x00000000c5700000|100%| E|CS|TAMS 0x00000000c5600000| PB 0x00000000c5600000| Complete 
|  59|0x00000000c5700000, 0x00000000c5800000, 0x00000000c5800000|100%| E|CS|TAMS 0x00000000c5700000| PB 0x00000000c5700000| Complete 
|  60|0x00000000c5800000, 0x00000000c5900000, 0x00000000c5900000|100%| E|  |TAMS 0x00000000c5800000| PB 0x00000000c5800000| Complete 
|  61|0x00000000c5900000, 0x00000000c5a00000, 0x00000000c5a00000|100%| E|CS|TAMS 0x00000000c5900000| PB 0x00000000c5900000| Complete 
|  62|0x00000000c5a00000, 0x00000000c5b00000, 0x00000000c5b00000|100%| E|CS|TAMS 0x00000000c5a00000| PB 0x00000000c5a00000| Complete 
|  63|0x00000000c5b00000, 0x00000000c5c00000, 0x00000000c5c00000|100%| E|CS|TAMS 0x00000000c5b00000| PB 0x00000000c5b00000| Complete 

Card table byte_map: [0x000001fc7e550000,0x000001fc7e750000] _byte_map_base: 0x000001fc7df42000

Marking Bits: (CMBitMap*) 0x000001fc7c4c7c30
 Bits: [0x000001fc7e750000, 0x000001fc7f6e0000)

Polling page: 0x000001fc7c550000

Metaspace:

Usage:
  Non-class:     63.73 MB used.
      Class:      9.96 MB used.
       Both:     73.69 MB used.

Virtual space:
  Non-class space:      128.00 MB reserved,      64.19 MB ( 50%) committed,  2 nodes.
      Class space:        1.00 GB reserved,      10.31 MB (  1%) committed,  1 nodes.
             Both:        1.12 GB reserved,      74.50 MB (  6%) committed. 

Chunk freelists:
   Non-Class:  15.44 MB
       Class:  5.70 MB
        Both:  21.14 MB

MaxMetaspaceSize: unlimited
CompressedClassSpaceSize: 1.00 GB
Initial GC threshold: 21.00 MB
Current GC threshold: 115.25 MB
CDS: on
 - commit_granule_bytes: 65536.
 - commit_granule_words: 8192.
 - virtual_space_node_default_size: 8388608.
 - enlarge_chunks_in_place: 1.
 - use_allocation_guard: 0.


Internal statistics:

num_allocs_failed_limit: 11.
num_arena_births: 1290.
num_arena_deaths: 0.
num_vsnodes_births: 3.
num_vsnodes_deaths: 0.
num_space_committed: 1192.
num_space_uncommitted: 0.
num_chunks_returned_to_freelist: 11.
num_chunks_taken_from_freelist: 4108.
num_chunk_merges: 3.
num_chunk_splits: 2884.
num_chunks_enlarged: 2206.
num_inconsistent_stats: 0.

CodeHeap 'non-profiled nmethods': size=120000Kb used=4557Kb max_used=4557Kb free=115442Kb
 bounds [0x000001fc0fe70000, 0x000001fc102f0000, 0x000001fc173a0000]
CodeHeap 'profiled nmethods': size=120000Kb used=12278Kb max_used=12278Kb free=107721Kb
 bounds [0x000001fc083a0000, 0x000001fc08fa0000, 0x000001fc0f8d0000]
CodeHeap 'non-nmethods': size=5760Kb used=1730Kb max_used=1772Kb free=4029Kb
 bounds [0x000001fc0f8d0000, 0x000001fc0fb40000, 0x000001fc0fe70000]
 total_blobs=7184 nmethods=6432 adapters=656
 compilation: enabled
              stopped_count=0, restarted_count=0
 full_count=0

Compilation events (20 events):
Event: 150.642 Thread 0x000001fc194e3090 nmethod 7553 0x000001fc08f96390 code [0x000001fc08f96580, 0x000001fc08f968a8]
Event: 150.642 Thread 0x000001fc194e3090 7554       3       org.apache.catalina.connector.RequestFacade::setAttribute (14 bytes)
Event: 150.643 Thread 0x000001fc194e3090 nmethod 7554 0x000001fc08f96a10 code [0x000001fc08f96c00, 0x000001fc08f96f28]
Event: 150.643 Thread 0x000001fc194e3090 7555       3       org.springframework.util.ConcurrentLruCache$ReadOperations::recordRead (71 bytes)
Event: 150.643 Thread 0x000001fc194dde30 7557       4       java.util.LinkedHashMap$LinkedEntryIterator::next (5 bytes)
Event: 150.650 Thread 0x000001fc194dde30 nmethod 7557 0x000001fc102e1e10 code [0x000001fc102e1fa0, 0x000001fc102e2288]
Event: 150.650 Thread 0x000001fc194dde30 7558       4       org.springframework.core.SerializableTypeWrapper$MethodParameterTypeProvider::getType (8 bytes)
Event: 150.651 Thread 0x000001fc194e3090 nmethod 7555 0x000001fc08f97090 code [0x000001fc08f97460, 0x000001fc08f98e88]
Event: 150.651 Thread 0x000001fc194e3090 7561       1       java.lang.management.MemoryUsage::getUsed (5 bytes)
Event: 150.651 Thread 0x000001fc194e3090 nmethod 7561 0x000001fc102e2390 code [0x000001fc102e2520, 0x000001fc102e25e8]
Event: 150.651 Thread 0x000001fc194e3090 7556       3       org.springframework.util.MimeType::isCompatibleWith (176 bytes)
Event: 150.655 Thread 0x000001fc194e3090 nmethod 7556 0x000001fc08f99910 code [0x000001fc08f99cc0, 0x000001fc08f9ba18]
Event: 150.655 Thread 0x000001fc194e3090 7560       1       org.springframework.boot.actuate.metrics.export.prometheus.PrometheusOutputFormat::getProducedMimeType (5 bytes)
Event: 150.656 Thread 0x000001fc194e3090 nmethod 7560 0x000001fc102e2690 code [0x000001fc102e2820, 0x000001fc102e28e8]
Event: 150.656 Thread 0x000001fc194e3090 7563       1       java.lang.management.MemoryUsage::getMax (5 bytes)
Event: 150.656 Thread 0x000001fc194e3090 nmethod 7563 0x000001fc102e2990 code [0x000001fc102e2b20, 0x000001fc102e2be8]
Event: 150.656 Thread 0x000001fc194e3090 7559       1       org.springframework.boot.actuate.endpoint.invoke.reflect.OperationMethod::getParameters (5 bytes)
Event: 150.658 Thread 0x000001fc194e3090 nmethod 7559 0x000001fc102e2c90 code [0x000001fc102e2e20, 0x000001fc102e2ee8]
Event: 150.658 Thread 0x000001fc194e3090 7562       1       java.lang.management.MemoryUsage::getCommitted (5 bytes)
Event: 150.658 Thread 0x000001fc194e3090 nmethod 7562 0x000001fc102e2f90 code [0x000001fc102e3120, 0x000001fc102e31e8]

GC Heap History (20 events):
Event: 36.347 GC heap before
{Heap before GC invocations=14 (full 0):
 garbage-first heap   total 58368K, used 50112K [0x00000000c1c00000, 0x0000000100000000)
  region size 1024K, 26 young (26624K), 3 survivors (3072K)
 Metaspace       used 57927K, committed 58560K, reserved 1114112K
  class space    used 7740K, committed 8000K, reserved 1048576K
}
Event: 36.355 GC heap after
{Heap after GC invocations=15 (full 0):
 garbage-first heap   total 58368K, used 28700K [0x00000000c1c00000, 0x0000000100000000)
  region size 1024K, 3 young (3072K), 3 survivors (3072K)
 Metaspace       used 57927K, committed 58560K, reserved 1114112K
  class space    used 7740K, committed 8000K, reserved 1048576K
}
Event: 37.208 GC heap before
{Heap before GC invocations=15 (full 0):
 garbage-first heap   total 58368K, used 35868K [0x00000000c1c00000, 0x0000000100000000)
  region size 1024K, 11 young (11264K), 3 survivors (3072K)
 Metaspace       used 59516K, committed 60096K, reserved 1114112K
  class space    used 8011K, committed 8256K, reserved 1048576K
}
Event: 37.215 GC heap after
{Heap after GC invocations=16 (full 0):
 garbage-first heap   total 58368K, used 28927K [0x00000000c1c00000, 0x0000000100000000)
  region size 1024K, 2 young (2048K), 2 survivors (2048K)
 Metaspace       used 59516K, committed 60096K, reserved 1114112K
  class space    used 8011K, committed 8256K, reserved 1048576K
}
Event: 42.102 GC heap before
{Heap before GC invocations=17 (full 0):
 garbage-first heap   total 58368K, used 51455K [0x00000000c1c00000, 0x0000000100000000)
  region size 1024K, 24 young (24576K), 2 survivors (2048K)
 Metaspace       used 63342K, committed 64000K, reserved 1114112K
  class space    used 8579K, committed 8896K, reserved 1048576K
}
Event: 42.111 GC heap after
{Heap after GC invocations=18 (full 0):
 garbage-first heap   total 58368K, used 30720K [0x00000000c1c00000, 0x0000000100000000)
  region size 1024K, 3 young (3072K), 3 survivors (3072K)
 Metaspace       used 63342K, committed 64000K, reserved 1114112K
  class space    used 8579K, committed 8896K, reserved 1048576K
}
Event: 44.481 GC heap before
{Heap before GC invocations=18 (full 0):
 garbage-first heap   total 58368K, used 50176K [0x00000000c1c00000, 0x0000000100000000)
  region size 1024K, 23 young (23552K), 3 survivors (3072K)
 Metaspace       used 65637K, committed 66304K, reserved 1114112K
  class space    used 8878K, committed 9152K, reserved 1048576K
}
Event: 44.493 GC heap after
{Heap after GC invocations=19 (full 0):
 garbage-first heap   total 58368K, used 32163K [0x00000000c1c00000, 0x0000000100000000)
  region size 1024K, 2 young (2048K), 2 survivors (2048K)
 Metaspace       used 65637K, committed 66304K, reserved 1114112K
  class space    used 8878K, committed 9152K, reserved 1048576K
}
Event: 46.174 GC heap before
{Heap before GC invocations=19 (full 0):
 garbage-first heap   total 58368K, used 51619K [0x00000000c1c00000, 0x0000000100000000)
  region size 1024K, 21 young (21504K), 2 survivors (2048K)
 Metaspace       used 67046K, committed 67712K, reserved 1114112K
  class space    used 9071K, committed 9344K, reserved 1048576K
}
Event: 46.181 GC heap after
{Heap after GC invocations=20 (full 0):
 garbage-first heap   total 58368K, used 33437K [0x00000000c1c00000, 0x0000000100000000)
  region size 1024K, 3 young (3072K), 3 survivors (3072K)
 Metaspace       used 67046K, committed 67712K, reserved 1114112K
  class space    used 9071K, committed 9344K, reserved 1048576K
}
Event: 47.664 GC heap before
{Heap before GC invocations=21 (full 0):
 garbage-first heap   total 58368K, used 50845K [0x00000000c1c00000, 0x0000000100000000)
  region size 1024K, 20 young (20480K), 3 survivors (3072K)
 Metaspace       used 68013K, committed 68672K, reserved 1114112K
  class space    used 9212K, committed 9536K, reserved 1048576K
}
Event: 47.673 GC heap after
{Heap after GC invocations=22 (full 0):
 garbage-first heap   total 58368K, used 35075K [0x00000000c1c00000, 0x0000000100000000)
  region size 1024K, 3 young (3072K), 3 survivors (3072K)
 Metaspace       used 68013K, committed 68672K, reserved 1114112K
  class space    used 9212K, committed 9536K, reserved 1048576K
}
Event: 48.963 GC heap before
{Heap before GC invocations=22 (full 0):
 garbage-first heap   total 58368K, used 50435K [0x00000000c1c00000, 0x0000000100000000)
  region size 1024K, 18 young (18432K), 3 survivors (3072K)
 Metaspace       used 69346K, committed 70016K, reserved 1114112K
  class space    used 9369K, committed 9664K, reserved 1048576K
}
Event: 48.972 GC heap after
{Heap after GC invocations=23 (full 0):
 garbage-first heap   total 58368K, used 35916K [0x00000000c1c00000, 0x0000000100000000)
  region size 1024K, 3 young (3072K), 3 survivors (3072K)
 Metaspace       used 69346K, committed 70016K, reserved 1114112K
  class space    used 9369K, committed 9664K, reserved 1048576K
}
Event: 50.128 GC heap before
{Heap before GC invocations=23 (full 0):
 garbage-first heap   total 58368K, used 50252K [0x00000000c1c00000, 0x0000000100000000)
  region size 1024K, 17 young (17408K), 3 survivors (3072K)
 Metaspace       used 69917K, committed 70720K, reserved 1114112K
  class space    used 9464K, committed 9792K, reserved 1048576K
}
Event: 50.136 GC heap after
{Heap after GC invocations=24 (full 0):
 garbage-first heap   total 58368K, used 36883K [0x00000000c1c00000, 0x0000000100000000)
  region size 1024K, 3 young (3072K), 3 survivors (3072K)
 Metaspace       used 69917K, committed 70720K, reserved 1114112K
  class space    used 9464K, committed 9792K, reserved 1048576K
}
Event: 52.144 GC heap before
{Heap before GC invocations=25 (full 0):
 garbage-first heap   total 65536K, used 50195K [0x00000000c1c00000, 0x0000000100000000)
  region size 1024K, 16 young (16384K), 3 survivors (3072K)
 Metaspace       used 70517K, committed 71296K, reserved 1114112K
  class space    used 9560K, committed 9920K, reserved 1048576K
}
Event: 52.160 GC heap after
{Heap after GC invocations=26 (full 0):
 garbage-first heap   total 65536K, used 38187K [0x00000000c1c00000, 0x0000000100000000)
  region size 1024K, 2 young (2048K), 2 survivors (2048K)
 Metaspace       used 70517K, committed 71296K, reserved 1114112K
  class space    used 9560K, committed 9920K, reserved 1048576K
}
Event: 56.052 GC heap before
{Heap before GC invocations=26 (full 0):
 garbage-first heap   total 65536K, used 58667K [0x00000000c1c00000, 0x0000000100000000)
  region size 1024K, 22 young (22528K), 2 survivors (2048K)
 Metaspace       used 73130K, committed 74048K, reserved 1114112K
  class space    used 9905K, committed 10304K, reserved 1048576K
}
Event: 56.064 GC heap after
{Heap after GC invocations=27 (full 0):
 garbage-first heap   total 65536K, used 39412K [0x00000000c1c00000, 0x0000000100000000)
  region size 1024K, 3 young (3072K), 3 survivors (3072K)
 Metaspace       used 73130K, committed 74048K, reserved 1114112K
  class space    used 9905K, committed 10304K, reserved 1048576K
}

Dll operation events (14 events):
Event: 0.576 Loaded shared library C:\Program Files\Java\jdk-21\bin\java.dll
Event: 0.963 Loaded shared library C:\Program Files\Java\jdk-21\bin\jsvml.dll
Event: 1.446 Loaded shared library C:\Program Files\Java\jdk-21\bin\zip.dll
Event: 1.458 Loaded shared library C:\Program Files\Java\jdk-21\bin\instrument.dll
Event: 1.482 Loaded shared library C:\Program Files\Java\jdk-21\bin\net.dll
Event: 1.559 Loaded shared library C:\Program Files\Java\jdk-21\bin\nio.dll
Event: 1.568 Loaded shared library C:\Program Files\Java\jdk-21\bin\zip.dll
Event: 2.885 Loaded shared library C:\Program Files\JetBrains\IntelliJ IDEA Community Edition 2022.3\bin\breakgen64.dll
Event: 3.338 Loaded shared library C:\Program Files\Java\jdk-21\bin\extnet.dll
Event: 3.436 Loaded shared library C:\Program Files\Java\jdk-21\bin\jimage.dll
Event: 10.015 Loaded shared library C:\Program Files\Java\jdk-21\bin\sunmscapi.dll
Event: 23.391 Loaded shared library C:\Program Files\Java\jdk-21\bin\management.dll
Event: 23.399 Loaded shared library C:\Program Files\Java\jdk-21\bin\management_ext.dll
Event: 29.014 Loaded shared library C:\Program Files\Java\jdk-21\bin\verify.dll

Deoptimization events (20 events):
Event: 106.945 Thread 0x000001fc62265e20 Uncommon trap: trap_request=0xffffff66 fr.pc=0x000001fc0ff250a0 relative=0x0000000000000b60
Event: 106.945 Thread 0x000001fc62265e20 Uncommon trap: reason=speculate_class_check action=maybe_recompile pc=0x000001fc0ff250a0 method=org.springframework.core.MethodParameter.getGenericParameterType()Ljava/lang/reflect/Type; @ 17 c2
Event: 106.946 Thread 0x000001fc62265e20 DEOPT PACKING pc=0x000001fc0ff250a0 sp=0x000000d5feffd5c0
Event: 106.946 Thread 0x000001fc62265e20 DEOPT UNPACKING pc=0x000001fc0f9246a2 sp=0x000000d5feffd530 mode 2
Event: 107.062 Thread 0x000001fc622664b0 Uncommon trap: trap_request=0xffffff66 fr.pc=0x000001fc0ff250a0 relative=0x0000000000000b60
Event: 107.062 Thread 0x000001fc622664b0 Uncommon trap: reason=speculate_class_check action=maybe_recompile pc=0x000001fc0ff250a0 method=org.springframework.core.MethodParameter.getGenericParameterType()Ljava/lang/reflect/Type; @ 17 c2
Event: 107.062 Thread 0x000001fc622664b0 DEOPT PACKING pc=0x000001fc0ff250a0 sp=0x000000d5ff0fcf20
Event: 107.255 Thread 0x000001fc622664b0 DEOPT UNPACKING pc=0x000001fc0f9246a2 sp=0x000000d5ff0fce90 mode 2
Event: 107.603 Thread 0x000001fc62265e20 Uncommon trap: trap_request=0xffffff45 fr.pc=0x000001fc101aa1d4 relative=0x0000000000000614
Event: 107.603 Thread 0x000001fc62265e20 Uncommon trap: reason=unstable_if action=reinterpret pc=0x000001fc101aa1d4 method=java.util.ArrayList.toArray([Ljava/lang/Object;)[Ljava/lang/Object; @ 45 c2
Event: 107.603 Thread 0x000001fc62265e20 DEOPT PACKING pc=0x000001fc101aa1d4 sp=0x000000d5feffd850
Event: 107.603 Thread 0x000001fc62265e20 DEOPT UNPACKING pc=0x000001fc0f9246a2 sp=0x000000d5feffd858 mode 2
Event: 108.026 Thread 0x000001fc62263030 Uncommon trap: trap_request=0xffffff66 fr.pc=0x000001fc0ff250a0 relative=0x0000000000000b60
Event: 108.026 Thread 0x000001fc62263030 Uncommon trap: reason=speculate_class_check action=maybe_recompile pc=0x000001fc0ff250a0 method=org.springframework.core.MethodParameter.getGenericParameterType()Ljava/lang/reflect/Type; @ 17 c2
Event: 108.026 Thread 0x000001fc62263030 DEOPT PACKING pc=0x000001fc0ff250a0 sp=0x000000d5ff1fd560
Event: 108.026 Thread 0x000001fc62263030 DEOPT UNPACKING pc=0x000001fc0f9246a2 sp=0x000000d5ff1fd4d0 mode 2
Event: 110.877 Thread 0x000001fc62264a70 Uncommon trap: trap_request=0xffffff66 fr.pc=0x000001fc0ff250a0 relative=0x0000000000000b60
Event: 110.877 Thread 0x000001fc62264a70 Uncommon trap: reason=speculate_class_check action=maybe_recompile pc=0x000001fc0ff250a0 method=org.springframework.core.MethodParameter.getGenericParameterType()Ljava/lang/reflect/Type; @ 17 c2
Event: 110.877 Thread 0x000001fc62264a70 DEOPT PACKING pc=0x000001fc0ff250a0 sp=0x000000d5ff2fcfb0
Event: 110.877 Thread 0x000001fc62264a70 DEOPT UNPACKING pc=0x000001fc0f9246a2 sp=0x000000d5ff2fcf20 mode 2

Classes loaded (20 events):
Event: 98.476 Loading class sun/nio/ch/FileChannelImpl$SyncUnmapper
Event: 98.477 Loading class sun/nio/ch/FileChannelImpl$Unmapper
Event: 98.477 Loading class jdk/internal/access/foreign/UnmapperProxy
Event: 98.478 Loading class jdk/internal/access/foreign/UnmapperProxy done
Event: 98.478 Loading class sun/nio/ch/FileChannelImpl$Unmapper done
Event: 98.478 Loading class sun/nio/ch/FileChannelImpl$SyncUnmapper done
Event: 98.480 Loading class sun/nio/ch/FileChannelImpl$DefaultUnmapper
Event: 98.480 Loading class sun/nio/ch/FileChannelImpl$DefaultUnmapper done
Event: 106.753 Loading class java/util/function/DoubleSupplier
Event: 106.754 Loading class java/util/function/DoubleSupplier done
Event: 106.776 Loading class java/util/stream/SpinedBuffer$1Splitr
Event: 106.777 Loading class java/util/stream/SpinedBuffer$1Splitr done
Event: 106.822 Loading class java/util/concurrent/ArrayBlockingQueue
Event: 106.823 Loading class java/util/concurrent/ArrayBlockingQueue done
Event: 106.824 Loading class java/util/concurrent/ArrayBlockingQueue$Itr
Event: 106.825 Loading class java/util/concurrent/ArrayBlockingQueue$Itr done
Event: 107.619 Loading class java/util/ArrayDeque$DescendingIterator
Event: 107.620 Loading class java/util/ArrayDeque$DescendingIterator done
Event: 107.859 Loading class java/security/AllPermissionCollection
Event: 107.860 Loading class java/security/AllPermissionCollection done

Classes unloaded (0 events):
No events

Classes redefined (0 events):
No events

Internal exceptions (20 events):
Event: 49.597 Thread 0x000001fc7c30b7a0 Exception <a 'java/lang/NoSuchMethodError'{0x00000000c4ec5230}: 'java.lang.Object java.lang.invoke.DirectMethodHandle$Holder.newInvokeSpecial(java.lang.Object, java.lang.Object, java.lang.Object, java.lang.Object, java.lang.Object, java.lang.Object, java.lang.Object, java.lang.Object, java.lang.Object)'> (0x00000000c4ec5230) 
thrown [s\open\src\hotspot\share\interpreter\linkResolver.cpp, line 773]
Event: 49.905 Thread 0x000001fc7c30b7a0 Exception <a 'java/lang/NoSuchMethodError'{0x00000000c4ac34c0}: 'int java.lang.invoke.DirectMethodHandle$Holder.invokeStatic(java.lang.Object, java.lang.Object, java.lang.Object, java.lang.Object, java.lang.Object)'> (0x00000000c4ac34c0) 
thrown [s\open\src\hotspot\share\interpreter\linkResolver.cpp, line 773]
Event: 52.216 Thread 0x000001fc7c30b7a0 Exception <a 'java/lang/NoSuchMethodError'{0x00000000c5b876d8}: 'double java.lang.invoke.DirectMethodHandle$Holder.invokeStatic(java.lang.Object, java.lang.Object)'> (0x00000000c5b876d8) 
thrown [s\open\src\hotspot\share\interpreter\linkResolver.cpp, line 773]
Event: 52.245 Thread 0x000001fc5f0817e0 Exception <a 'java/lang/NoSuchMethodError'{0x00000000c5b1d440}: 'long java.lang.invoke.DirectMethodHandle$Holder.invokeStatic(java.lang.Object, java.lang.Object, java.lang.Object)'> (0x00000000c5b1d440) 
thrown [s\open\src\hotspot\share\interpreter\linkResolver.cpp, line 773]
Event: 52.459 Thread 0x000001fc7c30b7a0 Exception <a 'java/lang/NoSuchMethodError'{0x00000000c5982be8}: 'java.lang.Object java.lang.invoke.Invokers$Holder.invoke_MT(java.lang.Object, java.lang.Object, java.lang.Object, java.lang.Object, java.lang.Object, java.lang.Object, java.lang.Object, java.lang.Object, java.lang.Object, java.lang.Object, java.lang.Object)'> (0x00000000c5982be8) 
thrown [s\open\src\hotspot\share\interpreter\linkResolver.cpp, line 773]
Event: 52.777 Thread 0x000001fc7c30b7a0 Implicit null exception at 0x000001fc0fff4e8b to 0x000001fc0fff50fc
Event: 54.431 Thread 0x000001fc7c30b7a0 Exception <a 'java/lang/NoSuchMethodError'{0x00000000c4cf8bc8}: 'void java.lang.invoke.DirectMethodHandle$Holder.invokeStatic(java.lang.Object, java.lang.Object, double)'> (0x00000000c4cf8bc8) 
thrown [s\open\src\hotspot\share\interpreter\linkResolver.cpp, line 773]
Event: 54.689 Thread 0x000001fc7c30b7a0 Exception <a 'java/lang/NoSuchMethodError'{0x00000000c4b6f110}: 'double java.lang.invoke.DirectMethodHandle$Holder.invokeStatic(java.lang.Object, java.lang.Object, java.lang.Object)'> (0x00000000c4b6f110) 
thrown [s\open\src\hotspot\share\interpreter\linkResolver.cpp, line 773]
Event: 54.922 Thread 0x000001fc7c30b7a0 Exception <a 'java/lang/IncompatibleClassChangeError'{0x00000000c4a42dd8}: Found class java.lang.Object, but interface was expected> (0x00000000c4a42dd8) 
thrown [s\open\src\hotspot\share\interpreter\linkResolver.cpp, line 840]
Event: 54.976 Thread 0x000001fc7c30b7a0 Exception <a 'java/lang/NoSuchMethodError'{0x00000000c4a684b8}: 'java.lang.Object java.lang.invoke.DirectMethodHandle$Holder.newInvokeSpecial(java.lang.Object, java.lang.Object, int, java.lang.Object, java.lang.Object)'> (0x00000000c4a684b8) 
thrown [s\open\src\hotspot\share\interpreter\linkResolver.cpp, line 773]
Event: 55.427 Thread 0x000001fc7c30b7a0 Exception <a 'java/lang/IncompatibleClassChangeError'{0x00000000c4945cd0}: Found class java.lang.Object, but interface was expected> (0x00000000c4945cd0) 
thrown [s\open\src\hotspot\share\interpreter\linkResolver.cpp, line 840]
Event: 55.631 Thread 0x000001fc7c30b7a0 Implicit null exception at 0x000001fc10209f06 to 0x000001fc1020a7fc
Event: 97.075 Thread 0x000001fc62265e20 Exception <a 'java/lang/NoSuchMethodError'{0x00000000c587f828}: 'java.lang.Object java.lang.invoke.DirectMethodHandle$Holder.invokeSpecial(java.lang.Object, java.lang.Object, java.lang.Object, java.lang.Object, java.lang.Object, long)'> (0x00000000c587f828) 
thrown [s\open\src\hotspot\share\interpreter\linkResolver.cpp, line 773]
Event: 97.076 Thread 0x000001fc62265e20 Exception <a 'java/lang/NoSuchMethodError'{0x00000000c5882fa0}: 'java.lang.Object java.lang.invoke.Invokers$Holder.linkToTargetMethod(java.lang.Object, java.lang.Object, java.lang.Object, long, java.lang.Object)'> (0x00000000c5882fa0) 
thrown [s\open\src\hotspot\share\interpreter\linkResolver.cpp, line 773]
Event: 98.594 Thread 0x000001fc62265e20 Exception <a 'java/lang/NoSuchMethodError'{0x00000000c55dcdb8}: 'double java.lang.invoke.DirectMethodHandle$Holder.invokeInterface(java.lang.Object, java.lang.Object)'> (0x00000000c55dcdb8) 
thrown [s\open\src\hotspot\share\interpreter\linkResolver.cpp, line 773]
Event: 98.690 Thread 0x000001fc62265e20 Exception <a 'java/lang/NoSuchMethodError'{0x00000000c55e0a30}: 'double java.lang.invoke.DelegatingMethodHandle$Holder.reinvoke_L(java.lang.Object, java.lang.Object)'> (0x00000000c55e0a30) 
thrown [s\open\src\hotspot\share\interpreter\linkResolver.cpp, line 773]
Event: 106.669 Thread 0x000001fc622664b0 Exception <a 'java/lang/NoSuchMethodError'{0x00000000c54322d8}: 'long java.lang.invoke.DelegatingMethodHandle$Holder.reinvoke_L(java.lang.Object, java.lang.Object)'> (0x00000000c54322d8) 
thrown [s\open\src\hotspot\share\interpreter\linkResolver.cpp, line 773]
Event: 106.766 Thread 0x000001fc622664b0 Exception <a 'java/lang/NoSuchMethodError'{0x00000000c544eec8}: 'double java.lang.invoke.DirectMethodHandle$Holder.invokeVirtual(java.lang.Object, java.lang.Object)'> (0x00000000c544eec8) 
thrown [s\open\src\hotspot\share\interpreter\linkResolver.cpp, line 773]
Event: 107.427 Thread 0x000001fc62265e20 Exception <a 'java/io/IOException'{0x00000000c5204720}> (0x00000000c5204720) 
thrown [s\open\src\hotspot\share\prims\jni.cpp, line 520]
Event: 107.879 Thread 0x000001fc62265e20 Exception <a 'java/io/IOException'{0x00000000c5276188}> (0x00000000c5276188) 
thrown [s\open\src\hotspot\share\prims\jni.cpp, line 520]

ZGC Phase Switch (0 events):
No events

VM Operations (20 events):
Event: 110.959 Executing VM operation: Cleanup
Event: 110.959 Executing VM operation: Cleanup done
Event: 111.969 Executing VM operation: Cleanup
Event: 111.969 Executing VM operation: Cleanup done
Event: 115.995 Executing VM operation: Cleanup
Event: 115.995 Executing VM operation: Cleanup done
Event: 120.702 Executing VM operation: HandshakeAllThreads (HandshakeForDeflation)
Event: 120.756 Executing VM operation: HandshakeAllThreads (HandshakeForDeflation) done
Event: 120.756 Executing VM operation: RendezvousGCThreads
Event: 120.756 Executing VM operation: RendezvousGCThreads done
Event: 125.791 Executing VM operation: Cleanup
Event: 125.791 Executing VM operation: Cleanup done
Event: 130.831 Executing VM operation: Cleanup
Event: 130.831 Executing VM operation: Cleanup done
Event: 135.866 Executing VM operation: Cleanup
Event: 135.866 Executing VM operation: Cleanup done
Event: 140.910 Executing VM operation: Cleanup
Event: 140.910 Executing VM operation: Cleanup done
Event: 146.983 Executing VM operation: Cleanup
Event: 147.076 Executing VM operation: Cleanup done

Events (20 events):
Event: 50.287 Thread 0x000001fc7c5458e0 flushing nmethod 0x000001fc0fee2290
Event: 50.287 Thread 0x000001fc7c5458e0 flushing nmethod 0x000001fc0ff23790
Event: 50.287 Thread 0x000001fc7c5458e0 flushing nmethod 0x000001fc0ff11410
Event: 50.287 Thread 0x000001fc7c5458e0 flushing nmethod 0x000001fc0fed6910
Event: 50.287 Thread 0x000001fc7c5458e0 flushing nmethod 0x000001fc0fed5410
Event: 50.287 Thread 0x000001fc7c5458e0 flushing nmethod 0x000001fc0fecaf90
Event: 55.036 Thread 0x000001fc62265e20 Thread added: 0x000001fc62265e20
Event: 55.037 Thread 0x000001fc622664b0 Thread added: 0x000001fc622664b0
Event: 55.037 Thread 0x000001fc62263030 Thread added: 0x000001fc62263030
Event: 55.037 Thread 0x000001fc62264a70 Thread added: 0x000001fc62264a70
Event: 55.037 Thread 0x000001fc622636c0 Thread added: 0x000001fc622636c0
Event: 55.038 Thread 0x000001fc62263d50 Thread added: 0x000001fc62263d50
Event: 55.038 Thread 0x000001fc62365390 Thread added: 0x000001fc62365390
Event: 55.038 Thread 0x000001fc62362c30 Thread added: 0x000001fc62362c30
Event: 55.038 Thread 0x000001fc62363fe0 Thread added: 0x000001fc62363fe0
Event: 55.038 Thread 0x000001fc62366dd0 Thread added: 0x000001fc62366dd0
Event: 55.138 Thread 0x000001fc62363950 Thread added: 0x000001fc62363950
Event: 55.142 Thread 0x000001fc62364670 Thread added: 0x000001fc62364670
Event: 56.272 Thread 0x000001fc7c30b7a0 Thread exited: 0x000001fc7c30b7a0
Event: 56.272 Thread 0x000001fc62368ea0 Thread added: 0x000001fc62368ea0


Dynamic libraries:
0x00007ff73b850000 - 0x00007ff73b860000 	C:\Program Files\Java\jdk-21\bin\java.exe
0x00007ffcbd9f0000 - 0x00007ffcbdbe8000 	C:\Windows\SYSTEM32\ntdll.dll
0x00007ffcbc770000 - 0x00007ffcbc832000 	C:\Windows\System32\KERNEL32.DLL
0x00007ffcbb1c0000 - 0x00007ffcbb4be000 	C:\Windows\System32\KERNELBASE.dll
0x00007ffcbb0c0000 - 0x00007ffcbb1c0000 	C:\Windows\System32\ucrtbase.dll
0x00007ffcb3af0000 - 0x00007ffcb3b09000 	C:\Program Files\Java\jdk-21\bin\jli.dll
0x00007ffcbc000000 - 0x00007ffcbc0b1000 	C:\Windows\System32\ADVAPI32.dll
0x00007ffcbba40000 - 0x00007ffcbbade000 	C:\Windows\System32\msvcrt.dll
0x00007ffcbd5f0000 - 0x00007ffcbd68f000 	C:\Windows\System32\sechost.dll
0x00007ffcbbae0000 - 0x00007ffcbbc03000 	C:\Windows\System32\RPCRT4.dll
0x00007ffcbb090000 - 0x00007ffcbb0b7000 	C:\Windows\System32\bcrypt.dll
0x00007ffcbd7a0000 - 0x00007ffcbd93d000 	C:\Windows\System32\USER32.dll
0x00007ffcbb8e0000 - 0x00007ffcbb902000 	C:\Windows\System32\win32u.dll
0x00007ffcbba10000 - 0x00007ffcbba3b000 	C:\Windows\System32\GDI32.dll
0x00007ffcbb4c0000 - 0x00007ffcbb5d7000 	C:\Windows\System32\gdi32full.dll
0x00007ffcbb7f0000 - 0x00007ffcbb88d000 	C:\Windows\System32\msvcp_win.dll
0x00007ffca6f50000 - 0x00007ffca71ea000 	C:\Windows\WinSxS\amd64_microsoft.windows.common-controls_6595b64144ccf1df_6.0.19041.4355_none_60b8b9eb71f62e16\COMCTL32.dll
0x00007ffcb1b50000 - 0x00007ffcb1b5a000 	C:\Windows\SYSTEM32\VERSION.dll
0x00007ffcb41a0000 - 0x00007ffcb41bb000 	C:\Program Files\Java\jdk-21\bin\VCRUNTIME140.dll
0x00007ffcbbe20000 - 0x00007ffcbbe4f000 	C:\Windows\System32\IMM32.DLL
0x00007ffcb4190000 - 0x00007ffcb419c000 	C:\Program Files\Java\jdk-21\bin\vcruntime140_1.dll
0x00007ffc7f920000 - 0x00007ffc7f9ae000 	C:\Program Files\Java\jdk-21\bin\msvcp140.dll
0x00007ffc27800000 - 0x00007ffc28517000 	C:\Program Files\Java\jdk-21\bin\server\jvm.dll
0x00007ffcbc5e0000 - 0x00007ffcbc64b000 	C:\Windows\System32\WS2_32.dll
0x00007ffcbaef0000 - 0x00007ffcbaf3b000 	C:\Windows\SYSTEM32\POWRPROF.dll
0x00007ffca4b30000 - 0x00007ffca4b57000 	C:\Windows\SYSTEM32\WINMM.dll
0x00007ffcbaed0000 - 0x00007ffcbaee2000 	C:\Windows\SYSTEM32\UMPDC.dll
0x00007ffcb9870000 - 0x00007ffcb9882000 	C:\Windows\SYSTEM32\kernel.appcore.dll
0x00007ffcaf2e0000 - 0x00007ffcaf2ea000 	C:\Program Files\Java\jdk-21\bin\jimage.dll
0x00007ffcb95a0000 - 0x00007ffcb9784000 	C:\Windows\SYSTEM32\DBGHELP.DLL
0x00007ffca4a30000 - 0x00007ffca4a64000 	C:\Windows\SYSTEM32\dbgcore.DLL
0x00007ffcbb980000 - 0x00007ffcbba02000 	C:\Windows\System32\bcryptPrimitives.dll
0x00007ffcb7a60000 - 0x00007ffcb7a6f000 	C:\Program Files\Java\jdk-21\bin\instrument.dll
0x00007ffcaf2c0000 - 0x00007ffcaf2df000 	C:\Program Files\Java\jdk-21\bin\java.dll
0x00007ffcbc8d0000 - 0x00007ffcbd03d000 	C:\Windows\System32\SHELL32.dll
0x00007ffcb8d20000 - 0x00007ffcb94c4000 	C:\Windows\SYSTEM32\windows.storage.dll
0x00007ffcbc280000 - 0x00007ffcbc5d3000 	C:\Windows\System32\combase.dll
0x00007ffcba910000 - 0x00007ffcba93e000 	C:\Windows\SYSTEM32\Wldp.dll
0x00007ffcbd520000 - 0x00007ffcbd5ed000 	C:\Windows\System32\OLEAUT32.dll
0x00007ffcbc1d0000 - 0x00007ffcbc27d000 	C:\Windows\System32\SHCORE.dll
0x00007ffcbd740000 - 0x00007ffcbd795000 	C:\Windows\System32\shlwapi.dll
0x00007ffcbafc0000 - 0x00007ffcbafe4000 	C:\Windows\SYSTEM32\profapi.dll
0x00007ffc62d70000 - 0x00007ffc62e47000 	C:\Program Files\Java\jdk-21\bin\jsvml.dll
0x00007ffc98c60000 - 0x00007ffc98c78000 	C:\Program Files\Java\jdk-21\bin\zip.dll
0x00007ffcaf2b0000 - 0x00007ffcaf2c0000 	C:\Program Files\Java\jdk-21\bin\net.dll
0x00007ffcaf4d0000 - 0x00007ffcaf5dd000 	C:\Windows\SYSTEM32\WINHTTP.dll
0x00007ffcba6f0000 - 0x00007ffcba75a000 	C:\Windows\system32\mswsock.dll
0x00007ffc98c80000 - 0x00007ffc98c96000 	C:\Program Files\Java\jdk-21\bin\nio.dll
0x00007ffcaf1b0000 - 0x00007ffcaf1ca000 	C:\Program Files\JetBrains\IntelliJ IDEA Community Edition 2022.3\bin\breakgen64.dll
0x00007ffc97ed0000 - 0x00007ffc97ed9000 	C:\Program Files\Java\jdk-21\bin\extnet.dll
0x00007ffc97ec0000 - 0x00007ffc97ece000 	C:\Program Files\Java\jdk-21\bin\sunmscapi.dll
0x00007ffcbb5e0000 - 0x00007ffcbb73c000 	C:\Windows\System32\CRYPT32.dll
0x00007ffcbaac0000 - 0x00007ffcbaae7000 	C:\Windows\SYSTEM32\ncrypt.dll
0x00007ffcbaa80000 - 0x00007ffcbaabb000 	C:\Windows\SYSTEM32\NTASN1.dll
0x00007ffcba950000 - 0x00007ffcba968000 	C:\Windows\SYSTEM32\CRYPTSP.dll
0x00007ffcba030000 - 0x00007ffcba064000 	C:\Windows\system32\rsaenh.dll
0x00007ffcbaf80000 - 0x00007ffcbafae000 	C:\Windows\SYSTEM32\USERENV.dll
0x00007ffcba880000 - 0x00007ffcba88c000 	C:\Windows\SYSTEM32\CRYPTBASE.dll
0x00007ffcba3f0000 - 0x00007ffcba42b000 	C:\Windows\SYSTEM32\IPHLPAPI.DLL
0x00007ffcbd040000 - 0x00007ffcbd048000 	C:\Windows\System32\NSI.dll
0x00007ffcb3c10000 - 0x00007ffcb3c1a000 	C:\Program Files\Java\jdk-21\bin\management.dll
0x00007ffcaf3d0000 - 0x00007ffcaf3db000 	C:\Program Files\Java\jdk-21\bin\management_ext.dll
0x00007ffcbd9a0000 - 0x00007ffcbd9a8000 	C:\Windows\System32\PSAPI.DLL
0x00007ffc97e90000 - 0x00007ffc97ea0000 	C:\Program Files\Java\jdk-21\bin\verify.dll
0x00007ffcba430000 - 0x00007ffcba4fa000 	C:\Windows\SYSTEM32\DNSAPI.dll
0x00007ffca82c0000 - 0x00007ffca82ca000 	C:\Windows\System32\rasadhlp.dll
0x00007ffcac2f0000 - 0x00007ffcac370000 	C:\Windows\System32\fwpuclnt.dll
0x00007ffca8800000 - 0x00007ffca8807000 	C:\Windows\system32\wshunix.dll
0x00007ffca4b60000 - 0x00007ffca4bb1000 	C:\Windows\SYSTEM32\pdh.dll
0x00007ffcb6f40000 - 0x00007ffcb6f4f000 	C:\Windows\System32\perfproc.dll
0x00007ffc97810000 - 0x00007ffc9781f000 	C:\Windows\System32\perfos.dll

dbghelp: loaded successfully - version: 4.0.5 - missing functions: none
symbol engine: initialized successfully - sym options: 0x614 - pdb path: .;C:\Program Files\Java\jdk-21\bin;C:\Windows\SYSTEM32;C:\Windows\WinSxS\amd64_microsoft.windows.common-controls_6595b64144ccf1df_6.0.19041.4355_none_60b8b9eb71f62e16;C:\Program Files\Java\jdk-21\bin\server;C:\Program Files\JetBrains\IntelliJ IDEA Community Edition 2022.3\bin

VM Arguments:
jvm_args: -javaagent:C:\Program Files\JetBrains\IntelliJ IDEA Community Edition 2022.3\lib\idea_rt.jar=63954:C:\Program Files\JetBrains\IntelliJ IDEA Community Edition 2022.3\bin -Dfile.encoding=UTF-8 -Dsun.stdout.encoding=UTF-8 -Dsun.stderr.encoding=UTF-8 
java_command: Springboot_InventoryManagementSystemAPI.SpringbootInventoryManagementSystemApiApplication
java_class_path (initial): D:\SPRINGBOOT\Springboot-InventoryManagementSystemAPI\target\classes;C:\Users\ASUS\.m2\repository\org\springframework\boot\spring-boot-starter-data-jpa\3.4.0\spring-boot-starter-data-jpa-3.4.0.jar;C:\Users\ASUS\.m2\repository\org\springframework\boot\spring-boot-starter\3.4.0\spring-boot-starter-3.4.0.jar;C:\Users\ASUS\.m2\repository\org\springframework\boot\spring-boot\3.4.0\spring-boot-3.4.0.jar;C:\Users\ASUS\.m2\repository\org\springframework\boot\spring-boot-autoconfigure\3.4.0\spring-boot-autoconfigure-3.4.0.jar;C:\Users\ASUS\.m2\repository\org\springframework\boot\spring-boot-starter-logging\3.4.0\spring-boot-starter-logging-3.4.0.jar;C:\Users\ASUS\.m2\repository\ch\qos\logback\logback-classic\1.5.12\logback-classic-1.5.12.jar;C:\Users\ASUS\.m2\repository\ch\qos\logback\logback-core\1.5.12\logback-core-1.5.12.jar;C:\Users\ASUS\.m2\repository\org\apache\logging\log4j\log4j-to-slf4j\2.24.1\log4j-to-slf4j-2.24.1.jar;C:\Users\ASUS\.m2\repository\org\apache\logging\log4j\log4j-api\2.24.1\log4j-api-2.24.1.jar;C:\Users\ASUS\.m2\repository\org\slf4j\jul-to-slf4j\2.0.16\jul-to-slf4j-2.0.16.jar;C:\Users\ASUS\.m2\repository\jakarta\annotation\jakarta.annotation-api\2.1.1\jakarta.annotation-api-2.1.1.jar;C:\Users\ASUS\.m2\repository\org\yaml\snakeyaml\2.3\snakeyaml-2.3.jar;C:\Users\ASUS\.m2\repository\org\springframework\boot\spring-boot-starter-jdbc\3.4.0\spring-boot-starter-jdbc-3.4.0.jar;C:\Users\ASUS\.m2\repository\com\zaxxer\HikariCP\5.1.0\HikariCP-5.1.0.jar;C:\Users\ASUS\.m2\repository\org\springframework\spring-jdbc\6.2.0\spring-jdbc-6.2.0.jar;C:\Users\ASUS\.m2\repository\org\hibernate\orm\hibernate-core\6.6.2.Final\hibernate-core-6.6.2.Final.jar;C:\Users\ASUS\.m2\repository\jakarta\persistence\jakarta.persistence-api\3.1.0\jakarta.persistence-api-3.1.0.jar;C:\Users\ASUS\.m2\repository\jakarta\transaction\jakarta.transaction-api\2.0.1\jakarta.transaction-api-2.0.1.jar;C:\Users\ASUS\.m2\repository\org\jboss\logging\jboss-logging\3.6.1.Final\jboss-logging-3.6.1.Final.jar;C:\Users\ASUS\.m2\repository\org\hibernate\common\hibernate-commons-annotations\7.0.3.Final\hibernate-commons-annotations-7.0.3.Final.jar;C:\Users\ASUS\.m2\repository\io\smallrye\jandex\3.2.0\jandex-3.2.0.jar;C:\Users\ASUS\.m2\repository\com\fasterxml\classmate\1.7.0\classmate-1.7.0.jar;C:\Users\ASUS\.m2\repository\net\bytebuddy\byte-buddy\1.15.10\byte-buddy-1.15.10.jar;C:\Users\ASUS\.m2\repository\org\glassfish\jaxb\jaxb-runtime\4.0.5\jaxb-runtime-4.0.5.jar;C:\Users\ASUS\.m2\repository\org\glassfish\jaxb\jaxb-core\4.0.5\jaxb-core-4.0.5.jar;C:\Users\ASUS\.m2\repository\org\eclipse\angus\angus-activation\2.0.2\angus-activation-2.0.2.jar;C:\Users\ASUS\.m2\repository\org\glassfish\jaxb\txw2\4.0.5\txw2-4.0.5.jar;C:\Users\ASUS\.m2\repository\com\sun\istack\istack-commons-runtime\4.1.2\istack-commons-runtime-4.1.2.jar;C:\Users\ASUS\.m2\repository\jakarta\inject\jakarta.inject-api\2.0.1\jakarta.inject-api-2.0.1.jar;C:\Users\ASUS\.m2\repository\org\antlr\antlr4-runtime\4.13.0\antlr4-runtime-4.13.0.jar;C:\Users\ASUS\.m2\repository\org\springframework\data\spring-data-jpa\3.4.0\spring-data-jpa-3.4.0.jar;C:\Users\ASUS\.m2\repository\org\springframework\data\spring-data-commons\3.4.0\spring-data-commons-3.4.0.jar;C:\Users\ASUS\.m2\repository\org\springframework\spring-orm\6.2.0\spring-orm-6.2.0.jar;C:\Users\ASUS\.m2\repository\org\springframework\spring-context\6.2.0\spring-context-6.2.0.jar;C:\Users\ASUS\.m2\repository\org\springframework\spring-aop\6.2.0\spring-aop-6.2.0.jar;C:\Users\ASUS\.m2\repository\org\springframework\spring-tx\6.2.0\spring-tx-6.2.0.jar;C:\Users\ASUS\.m2\repository\org\springframework\spring-beans\6.2.0\spring-beans-6.2.0.jar;C:\Users\ASUS\.m2\repository\org\slf4j\slf4j-api\2.0.16\slf4j-api-2.0.16.jar;C:\Users\ASUS\.m2\repository\org\springframework\spring-aspects\6.2.0\spring-aspects-6.2.0.jar;C:\Users\ASUS\.m2\repository\org\aspectj\aspectjweaver\1.9.22.1\aspectjweaver-1.9.22.1.jar;C:\Users\ASUS\.m2\repository\org\springframework\boot\spring-boot-starter-validation\3.4.0\spring-boot-starter-validation-3.4.0.jar;C:\Users\ASUS\.m2\repository\org\apache\tomcat\embed\tomcat-embed-el\10.1.33\tomcat-embed-el-10.1.33.jar;C:\Users\ASUS\.m2\repository\org\hibernate\validator\hibernate-validator\8.0.1.Final\hibernate-validator-8.0.1.Final.jar;C:\Users\ASUS\.m2\repository\jakarta\validation\jakarta.validation-api\3.0.2\jakarta.validation-api-3.0.2.jar;C:\Users\ASUS\.m2\repository\org\springframework\boot\spring-boot-starter-web\3.4.0\spring-boot-starter-web-3.4.0.jar;C:\Users\ASUS\.m2\repository\org\springframework\boot\spring-boot-starter-json\3.4.0\spring-boot-starter-json-3.4.0.jar;C:\Users\ASUS\.m2\repository\com\fasterxml\jackson\core\jackson-databind\2.18.1\jackson-databind-2.18.1.jar;C:\Users\ASUS\.m2\repository\com\fasterxml\jackson\core\jackson-annotations\2.18.1\jackson-annotations-2.18.1.jar;C:\Users\ASUS\.m2\repository\com\fasterxml\jackson\core\jackson-core\2.18.1\jackson-core-2.18.1.jar;C:\Users\ASUS\.m2\repository\com\fasterxml\jackson\datatype\jackson-datatype-jdk8\2.18.1\jackson-datatype-jdk8-2.18.1.jar;C:\Users\ASUS\.m2\repository\com\fasterxml\jackson\datatype\jackson-datatype-jsr310\2.18.1\jackson-datatype-jsr310-2.18.1.jar;C:\Users\ASUS\.m2\repository\com\fasterxml\jackson\module\jackson-module-parameter-names\2.18.1\jackson-module-parameter-names-2.18.1.jar;C:\Users\ASUS\.m2\repository\org\springframework\boot\spring-boot-starter-tomcat\3.4.0\spring-boot-starter-tomcat-3.4.0.jar;C:\Users\ASUS\.m2\repository\org\apache\tomcat\embed\tomcat-embed-core\10.1.33\tomcat-embed-core-10.1.33.jar;C:\Users\ASUS\.m2\repository\org\apache\tomcat\embed\tomcat-embed-websocket\10.1.33\tomcat-embed-websocket-10.1.33.jar;C:\Users\ASUS\.m2\repository\org\springframework\spring-web\6.2.0\spring-web-6.2.0.jar;C:\Users\ASUS\.m2\repository\org\springframework\spring-webmvc\6.2.0\spring-webmvc-6.2.0.jar;C:\Users\ASUS\.m2\repository\org\springframework\spring-expression\6.2.0\spring-expression-6.2.0.jar;C:\Users\ASUS\.m2\repository\org\mariadb\jdbc\mariadb-java-client\3.4.1\mariadb-java-client-3.4.1.jar;C:\Users\ASUS\.m2\repository\com\github\waffle\waffle-jna\3.3.0\waffle-jna-3.3.0.jar;C:\Users\ASUS\.m2\repository\net\java\dev\jna\jna\5.13.0\jna-5.13.0.jar;C:\Users\ASUS\.m2\repository\net\java\dev\jna\jna-platform\5.13.0\jna-platform-5.13.0.jar;C:\Users\ASUS\.m2\repository\org\slf4j\jcl-over-slf4j\2.0.16\jcl-over-slf4j-2.0.16.jar;C:\Users\ASUS\.m2\repository\com\github\ben-manes\caffeine\caffeine\3.1.8\caffeine-3.1.8.jar;C:\Users\ASUS\.m2\repository\com\google\errorprone\error_prone_annotations\2.21.1\error_prone_annotations-2.21.1.jar;C:\Users\ASUS\.m2\repository\org\checkerframework\checker-qual\3.32.0\checker-qual-3.32.0.jar;C:\Users\ASUS\.m2\repository\jakarta\xml\bind\jakarta.xml.bind-api\4.0.2\jakarta.xml.bind-api-4.0.2.jar;C:\Users\ASUS\.m2\repository\jakarta\activation\jakarta.activation-api\2.1.3\jakarta.activation-api-2.1.3.jar;C:\Users\ASUS\.m2\repository\org\springframework\spring-core\6.2.0\spring-core-6.2.0.jar;C:\Users\ASUS\.m2\repository\org\springframework\spring-jcl\6.2.0\spring-jcl-6.2.0.jar;C:\Users\ASUS\.m2\repository\org\springdoc\springdoc-openapi-starter-webmvc-ui\2.7.0\springdoc-openapi-starter-webmvc-ui-2.7.0.jar;C:\Users\ASUS\.m2\repository\org\springdoc\springdoc-openapi-starter-webmvc-api\2.7.0\springdoc-openapi-starter-webmvc-api-2.7.0.jar;C:\Users\ASUS\.m2\repository\org\springdoc\springdoc-openapi-starter-common\2.7.0\springdoc-openapi-starter-common-2.7.0.jar;C:\Users\ASUS\.m2\repository\io\swagger\core\v3\swagger-core-jakarta\2.2.25\swagger-core-jakarta-2.2.25.jar;C:\Users\ASUS\.m2\repository\org\apache\commons\commons-lang3\3.17.0\commons-lang3-3.17.0.jar;C:\Users\ASUS\.m2\repository\io\swagger\core\v3\swagger-annotations-jakarta\2.2.25\swagger-annotations-jakarta-2.2.25.jar;C:\Users\ASUS\.m2\repository\io\swagger\core\v3\swagger-models-jakarta\2.2.25\swagger-models-jakarta-2.2.25.jar;C:\Users\ASUS\.m2\repository\com\fasterxml\jackson\dataformat\jackson-dataformat-yaml\2.18.1\jackson-dataformat-yaml-2.18.1.jar;C:\Users\ASUS\.m2\repository\org\webjars\swagger-ui\5.18.2\swagger-ui-5.18.2.jar;C:\Users\ASUS\.m2\repository\org\webjars\webjars-locator-lite\1.0.1\webjars-locator-lite-1.0.1.jar;C:\Users\ASUS\.m2\repository\org\jspecify\jspecify\1.0.0\jspecify-1.0.0.jar;C:\Users\ASUS\.m2\repository\io\micrometer\micrometer-registry-prometheus\1.14.1\micrometer-registry-prometheus-1.14.1.jar;C:\Users\ASUS\.m2\repository\io\micrometer\micrometer-core\1.14.1\micrometer-core-1.14.1.jar;C:\Users\ASUS\.m2\repository\io\micrometer\micrometer-commons\1.14.1\micrometer-commons-1.14.1.jar;C:\Users\ASUS\.m2\repository\org\hdrhistogram\HdrHistogram\2.2.2\HdrHistogram-2.2.2.jar;C:\Users\ASUS\.m2\repository\org\latencyutils\LatencyUtils\2.0.3\LatencyUtils-2.0.3.jar;C:\Users\ASUS\.m2\repository\io\prometheus\prometheus-metrics-core\1.3.3\prometheus-metrics-core-1.3.3.jar;C:\Users\ASUS\.m2\repository\io\prometheus\prometheus-metrics-model\1.3.3\prometheus-metrics-model-1.3.3.jar;C:\Users\ASUS\.m2\repository\io\prometheus\prometheus-metrics-config\1.3.3\prometheus-metrics-config-1.3.3.jar;C:\Users\ASUS\.m2\repository\io\prometheus\prometheus-metrics-tracer-common\1.3.3\prometheus-metrics-tracer-common-1.3.3.jar;C:\Users\ASUS\.m2\repository\io\prometheus\prometheus-metrics-exposition-formats\1.3.3\prometheus-metrics-exposition-formats-1.3.3.jar;C:\Users\ASUS\.m2\repository\org\springframework\boot\spring-boot-starter-actuator\3.4.0\spring-boot-starter-actuator-3.4.0.jar;C:\Users\ASUS\.m2\repository\org\springframework\boot\spring-boot-actuator-autoconfigure\3.4.0\spring-boot-actuator-autoconfigure-3.4.0.jar;C:\Users\ASUS\.m2\repository\org\springframework\boot\spring-boot-actuator\3.4.0\spring-boot-actuator-3.4.0.jar;C:\Users\ASUS\.m2\repository\io\micrometer\micrometer-observation\1.14.1\micrometer-observation-1.14.1.jar;C:\Users\ASUS\.m2\repository\io\micrometer\micrometer-jakarta9\1.14.1\micrometer-jakarta9-1.14.1.jar
Launcher Type: SUN_STANDARD

[Global flags]
     intx CICompilerCount                          = 3                                         {product} {ergonomic}
     uint ConcGCThreads                            = 1                                         {product} {ergonomic}
     uint G1ConcRefinementThreads                  = 4                                         {product} {ergonomic}
   size_t G1HeapRegionSize                         = 1048576                                   {product} {ergonomic}
    uintx GCDrainStackTargetSize                   = 64                                        {product} {ergonomic}
   size_t InitialHeapSize                          = 67108864                                  {product} {ergonomic}
   size_t MarkStackSize                            = 4194304                                   {product} {ergonomic}
   size_t MaxHeapSize                              = 1044381696                                {product} {ergonomic}
   size_t MaxNewSize                               = 625999872                                 {product} {ergonomic}
   size_t MinHeapDeltaBytes                        = 1048576                                   {product} {ergonomic}
   size_t MinHeapSize                              = 8388608                                   {product} {ergonomic}
    uintx NonNMethodCodeHeapSize                   = 5832780                                {pd product} {ergonomic}
    uintx NonProfiledCodeHeapSize                  = 122912730                              {pd product} {ergonomic}
    uintx ProfiledCodeHeapSize                     = 122912730                              {pd product} {ergonomic}
    uintx ReservedCodeCacheSize                    = 251658240                              {pd product} {ergonomic}
     bool SegmentedCodeCache                       = true                                      {product} {ergonomic}
   size_t SoftMaxHeapSize                          = 1044381696                             {manageable} {ergonomic}
     bool UseCompressedOops                        = true                           {product lp64_product} {ergonomic}
     bool UseG1GC                                  = true                                      {product} {ergonomic}
     bool UseLargePagesIndividualAllocation        = false                                  {pd product} {ergonomic}

Logging:
Log output configuration:
 #0: stdout all=warning uptime,level,tags foldmultilines=false
 #1: stderr all=off uptime,level,tags foldmultilines=false

Environment Variables:
JAVA_HOME=C:\Program Files\Java\jdk-21
PATH=C:\Oracle\db_home\bin;C:\Program Files\Common Files\Oracle\Java\javapath;C:\Program Files (x86)\Common Files\Oracle\Java\javapath;C:\Windows\system32;C:\Windows;C:\Windows\System32\Wbem;C:\Windows\System32\WindowsPowerShell\v1.0\;C:\Windows\System32\OpenSSH\;C:\Program Files\dotnet\;C:\MinGW\bin;C:\Program Files\Java\jdk1.8.0_281\bin;D:\Ngrok;C:\Program Files\Git\cmd;C:\Program Files\Git\mingw64\bin;C:\Program Files\Git\usr\bin;C:\Program Files\MongoDB\Server\6.0\bin;;C:\Program Files\Docker\Docker\resources\bin;C:\Users\ASUS\AppData\Local\Microsoft\WindowsApps;C:\Users\ASUS\AppData\Local\Programs\Microsoft VS Code\bin;C:\Program Files\JetBrains\IntelliJ IDEA Community Edition 2022.3\bin;
USERNAME=ASUS
OS=Windows_NT
PROCESSOR_IDENTIFIER=Intel64 Family 6 Model 142 Stepping 9, GenuineIntel
TMP=C:\Users\ASUS\AppData\Local\Temp
TEMP=C:\Users\ASUS\AppData\Local\Temp




Periodic native trim disabled

---------------  S Y S T E M  ---------------

OS:
 Windows 10 , 64 bit Build 19041 (10.0.19041.5198)
OS uptime: 7 days 18:21 hours
Hyper-V role detected

CPU: total 4 (initial active 4) (2 cores per cpu, 2 threads per core) family 6 model 142 stepping 9 microcode 0xb4, cx8, cmov, fxsr, ht, mmx, 3dnowpref, sse, sse2, sse3, ssse3, sse4.1, sse4.2, popcnt, lzcnt, tsc, tscinvbit, avx, avx2, aes, erms, clmul, bmi1, bmi2, adx, fma, vzeroupper, clflush, clflushopt, hv, rdtscp, f16c
Processor Information for all 4 processors :
  Max Mhz: 2304, Current Mhz: 2304, Mhz Limit: 2304

Memory: 4k page, system-wide physical 3978M (117M free)
TotalPageFile size 16266M (AvailPageFile size 0M)
current process WorkingSet (physical memory assigned to process): 54M, peak: 225M
current process commit charge ("private bytes"): 284M, peak: 288M

vm_info: Java HotSpot(TM) 64-Bit Server VM (21.0.2+13-LTS-58) for windows-amd64 JRE (21.0.2+13-LTS-58), built on 2024-01-05T18:32:24Z by "mach5one" with MS VC++ 17.1 (VS2022)

END.
